2020-06-25 23:31:20 error: uncaughtException: app is not defined
ReferenceError: app is not defined
    at Object.<anonymous> (C:\Users\btirt\Desktop\Projects\helpdesk\server\dist\routes\twitterRoutes.js:13:1)
    at Module._compile (internal/modules/cjs/loader.js:959:30)
    at Object.Module._extensions..js (internal/modules/cjs/loader.js:995:10)
    at Module.load (internal/modules/cjs/loader.js:815:32)
    at Function.Module._load (internal/modules/cjs/loader.js:727:14)
    at Module.require (internal/modules/cjs/loader.js:852:19)
    at require (internal/modules/cjs/helpers.js:74:18)
    at Object.<anonymous> (C:\Users\btirt\Desktop\Projects\helpdesk\server\dist\routes\index.js:7:41)
    at Module._compile (internal/modules/cjs/loader.js:959:30)
    at Object.Module._extensions..js (internal/modules/cjs/loader.js:995:10)
    at Module.load (internal/modules/cjs/loader.js:815:32)
    at Function.Module._load (internal/modules/cjs/loader.js:727:14)
    at Module.require (internal/modules/cjs/loader.js:852:19)
    at require (internal/modules/cjs/helpers.js:74:18)
    at Object.<anonymous> (C:\Users\btirt\Desktop\Projects\helpdesk\server\dist\index.js:8:33)
    at Module._compile (internal/modules/cjs/loader.js:959:30)
2020-06-25 23:31:27 error: uncaughtException: app is not defined
ReferenceError: app is not defined
    at Object.<anonymous> (C:\Users\btirt\Desktop\Projects\helpdesk\server\dist\routes\twitterRoutes.js:12:1)
    at Module._compile (internal/modules/cjs/loader.js:959:30)
    at Object.Module._extensions..js (internal/modules/cjs/loader.js:995:10)
    at Module.load (internal/modules/cjs/loader.js:815:32)
    at Function.Module._load (internal/modules/cjs/loader.js:727:14)
    at Module.require (internal/modules/cjs/loader.js:852:19)
    at require (internal/modules/cjs/helpers.js:74:18)
    at Object.<anonymous> (C:\Users\btirt\Desktop\Projects\helpdesk\server\dist\routes\index.js:7:41)
    at Module._compile (internal/modules/cjs/loader.js:959:30)
    at Object.Module._extensions..js (internal/modules/cjs/loader.js:995:10)
    at Module.load (internal/modules/cjs/loader.js:815:32)
    at Function.Module._load (internal/modules/cjs/loader.js:727:14)
    at Module.require (internal/modules/cjs/loader.js:852:19)
    at require (internal/modules/cjs/helpers.js:74:18)
    at Object.<anonymous> (C:\Users\btirt\Desktop\Projects\helpdesk\server\dist\index.js:8:33)
    at Module._compile (internal/modules/cjs/loader.js:959:30)
2020-06-25 23:31:37 error: uncaughtException: app is not defined
ReferenceError: app is not defined
    at Object.<anonymous> (C:\Users\btirt\Desktop\Projects\helpdesk\server\dist\routes\twitterRoutes.js:12:1)
    at Module._compile (internal/modules/cjs/loader.js:959:30)
    at Object.Module._extensions..js (internal/modules/cjs/loader.js:995:10)
    at Module.load (internal/modules/cjs/loader.js:815:32)
    at Function.Module._load (internal/modules/cjs/loader.js:727:14)
    at Module.require (internal/modules/cjs/loader.js:852:19)
    at require (internal/modules/cjs/helpers.js:74:18)
    at Object.<anonymous> (C:\Users\btirt\Desktop\Projects\helpdesk\server\dist\routes\index.js:7:41)
    at Module._compile (internal/modules/cjs/loader.js:959:30)
    at Object.Module._extensions..js (internal/modules/cjs/loader.js:995:10)
    at Module.load (internal/modules/cjs/loader.js:815:32)
    at Function.Module._load (internal/modules/cjs/loader.js:727:14)
    at Module.require (internal/modules/cjs/loader.js:852:19)
    at require (internal/modules/cjs/helpers.js:74:18)
    at Object.<anonymous> (C:\Users\btirt\Desktop\Projects\helpdesk\server\dist\index.js:8:33)
    at Module._compile (internal/modules/cjs/loader.js:959:30)
2020-06-25 23:31:44 error: uncaughtException: urlencodedParser is not defined
ReferenceError: urlencodedParser is not defined
    at Object.<anonymous> (C:\Users\btirt\Desktop\Projects\helpdesk\server\dist\routes\twitterRoutes.js:12:17)
    at Module._compile (internal/modules/cjs/loader.js:959:30)
    at Object.Module._extensions..js (internal/modules/cjs/loader.js:995:10)
    at Module.load (internal/modules/cjs/loader.js:815:32)
    at Function.Module._load (internal/modules/cjs/loader.js:727:14)
    at Module.require (internal/modules/cjs/loader.js:852:19)
    at require (internal/modules/cjs/helpers.js:74:18)
    at Object.<anonymous> (C:\Users\btirt\Desktop\Projects\helpdesk\server\dist\routes\index.js:7:41)
    at Module._compile (internal/modules/cjs/loader.js:959:30)
    at Object.Module._extensions..js (internal/modules/cjs/loader.js:995:10)
    at Module.load (internal/modules/cjs/loader.js:815:32)
    at Function.Module._load (internal/modules/cjs/loader.js:727:14)
    at Module.require (internal/modules/cjs/loader.js:852:19)
    at require (internal/modules/cjs/helpers.js:74:18)
    at Object.<anonymous> (C:\Users\btirt\Desktop\Projects\helpdesk\server\dist\index.js:8:33)
    at Module._compile (internal/modules/cjs/loader.js:959:30)
2020-06-25 23:31:48 error: uncaughtException: urlencodedParser is not defined
ReferenceError: urlencodedParser is not defined
    at Object.<anonymous> (C:\Users\btirt\Desktop\Projects\helpdesk\server\dist\routes\twitterRoutes.js:12:25)
    at Module._compile (internal/modules/cjs/loader.js:959:30)
    at Object.Module._extensions..js (internal/modules/cjs/loader.js:995:10)
    at Module.load (internal/modules/cjs/loader.js:815:32)
    at Function.Module._load (internal/modules/cjs/loader.js:727:14)
    at Module.require (internal/modules/cjs/loader.js:852:19)
    at require (internal/modules/cjs/helpers.js:74:18)
    at Object.<anonymous> (C:\Users\btirt\Desktop\Projects\helpdesk\server\dist\routes\index.js:7:41)
    at Module._compile (internal/modules/cjs/loader.js:959:30)
    at Object.Module._extensions..js (internal/modules/cjs/loader.js:995:10)
    at Module.load (internal/modules/cjs/loader.js:815:32)
    at Function.Module._load (internal/modules/cjs/loader.js:727:14)
    at Module.require (internal/modules/cjs/loader.js:852:19)
    at require (internal/modules/cjs/helpers.js:74:18)
    at Object.<anonymous> (C:\Users\btirt\Desktop\Projects\helpdesk\server\dist\index.js:8:33)
    at Module._compile (internal/modules/cjs/loader.js:959:30)
2020-06-25 23:33:06 error: uncaughtException: createMongoStore is not defined
ReferenceError: createMongoStore is not defined
    at Object.<anonymous> (C:\Users\btirt\Desktop\Projects\helpdesk\server\dist\passport\twitterStrategy.js:9:22)
    at Module._compile (internal/modules/cjs/loader.js:959:30)
    at Object.Module._extensions..js (internal/modules/cjs/loader.js:995:10)
    at Module.load (internal/modules/cjs/loader.js:815:32)
    at Function.Module._load (internal/modules/cjs/loader.js:727:14)
    at Module.require (internal/modules/cjs/loader.js:852:19)
    at require (internal/modules/cjs/helpers.js:74:18)
    at Object.<anonymous> (C:\Users\btirt\Desktop\Projects\helpdesk\server\dist\passport\index.js:3:1)
    at Module._compile (internal/modules/cjs/loader.js:959:30)
    at Object.Module._extensions..js (internal/modules/cjs/loader.js:995:10)
    at Module.load (internal/modules/cjs/loader.js:815:32)
    at Function.Module._load (internal/modules/cjs/loader.js:727:14)
    at Module.require (internal/modules/cjs/loader.js:852:19)
    at require (internal/modules/cjs/helpers.js:74:18)
    at Object.<anonymous> (C:\Users\btirt\Desktop\Projects\helpdesk\server\dist\index.js:7:33)
    at Module._compile (internal/modules/cjs/loader.js:959:30)
2020-06-25 23:33:27 error: uncaughtException: createMongoStore is not defined
ReferenceError: createMongoStore is not defined
    at Object.exports.default (C:\Users\btirt\Desktop\Projects\helpdesk\server\dist\passport\index.js:9:26)
    at Object.<anonymous> (C:\Users\btirt\Desktop\Projects\helpdesk\server\dist\index.js:14:16)
    at Module._compile (internal/modules/cjs/loader.js:959:30)
    at Object.Module._extensions..js (internal/modules/cjs/loader.js:995:10)
    at Module.load (internal/modules/cjs/loader.js:815:32)
    at Function.Module._load (internal/modules/cjs/loader.js:727:14)
    at Function.Module.runMain (internal/modules/cjs/loader.js:1047:10)
    at internal/main/run_main_module.js:17:11
2020-06-25 23:33:33 error: uncaughtException: createMongoStore is not defined
ReferenceError: createMongoStore is not defined
    at Object.exports.default (C:\Users\btirt\Desktop\Projects\helpdesk\server\dist\passport\index.js:9:26)
    at Object.<anonymous> (C:\Users\btirt\Desktop\Projects\helpdesk\server\dist\index.js:14:16)
    at Module._compile (internal/modules/cjs/loader.js:959:30)
    at Object.Module._extensions..js (internal/modules/cjs/loader.js:995:10)
    at Module.load (internal/modules/cjs/loader.js:815:32)
    at Function.Module._load (internal/modules/cjs/loader.js:727:14)
    at Function.Module.runMain (internal/modules/cjs/loader.js:1047:10)
    at internal/main/run_main_module.js:17:11
2020-06-25 23:33:35 error: uncaughtException: Strategy is not defined
ReferenceError: Strategy is not defined
    at Object.<anonymous> (C:\Users\btirt\Desktop\Projects\helpdesk\server\dist\passport\twitterStrategy.js:9:28)
    at Module._compile (internal/modules/cjs/loader.js:959:30)
    at Object.Module._extensions..js (internal/modules/cjs/loader.js:995:10)
    at Module.load (internal/modules/cjs/loader.js:815:32)
    at Function.Module._load (internal/modules/cjs/loader.js:727:14)
    at Module.require (internal/modules/cjs/loader.js:852:19)
    at require (internal/modules/cjs/helpers.js:74:18)
    at Object.<anonymous> (C:\Users\btirt\Desktop\Projects\helpdesk\server\dist\passport\index.js:7:1)
    at Module._compile (internal/modules/cjs/loader.js:959:30)
    at Object.Module._extensions..js (internal/modules/cjs/loader.js:995:10)
    at Module.load (internal/modules/cjs/loader.js:815:32)
    at Function.Module._load (internal/modules/cjs/loader.js:727:14)
    at Module.require (internal/modules/cjs/loader.js:852:19)
    at require (internal/modules/cjs/helpers.js:74:18)
    at Object.<anonymous> (C:\Users\btirt\Desktop\Projects\helpdesk\server\dist\index.js:7:33)
    at Module._compile (internal/modules/cjs/loader.js:959:30)
2020-06-25 23:33:39 error: uncaughtException: createMongoStore is not defined
ReferenceError: createMongoStore is not defined
    at Object.exports.default (C:\Users\btirt\Desktop\Projects\helpdesk\server\dist\passport\index.js:9:26)
    at Object.<anonymous> (C:\Users\btirt\Desktop\Projects\helpdesk\server\dist\index.js:14:16)
    at Module._compile (internal/modules/cjs/loader.js:959:30)
    at Object.Module._extensions..js (internal/modules/cjs/loader.js:995:10)
    at Module.load (internal/modules/cjs/loader.js:815:32)
    at Function.Module._load (internal/modules/cjs/loader.js:727:14)
    at Function.Module.runMain (internal/modules/cjs/loader.js:1047:10)
    at internal/main/run_main_module.js:17:11
2020-06-25 23:33:55 error: uncaughtException: app is not defined
ReferenceError: app is not defined
    at Object.<anonymous> (C:\Users\btirt\Desktop\Projects\helpdesk\server\dist\passport\twitterStrategy.js:17:1)
    at Module._compile (internal/modules/cjs/loader.js:959:30)
    at Object.Module._extensions..js (internal/modules/cjs/loader.js:995:10)
    at Module.load (internal/modules/cjs/loader.js:815:32)
    at Function.Module._load (internal/modules/cjs/loader.js:727:14)
    at Module.require (internal/modules/cjs/loader.js:852:19)
    at require (internal/modules/cjs/helpers.js:74:18)
    at Object.<anonymous> (C:\Users\btirt\Desktop\Projects\helpdesk\server\dist\passport\index.js:3:1)
    at Module._compile (internal/modules/cjs/loader.js:959:30)
    at Object.Module._extensions..js (internal/modules/cjs/loader.js:995:10)
    at Module.load (internal/modules/cjs/loader.js:815:32)
    at Function.Module._load (internal/modules/cjs/loader.js:727:14)
    at Module.require (internal/modules/cjs/loader.js:852:19)
    at require (internal/modules/cjs/helpers.js:74:18)
    at Object.<anonymous> (C:\Users\btirt\Desktop\Projects\helpdesk\server\dist\index.js:7:33)
    at Module._compile (internal/modules/cjs/loader.js:959:30)
2020-06-25 23:33:58 error: uncaughtException: app is not defined
ReferenceError: app is not defined
    at Object.<anonymous> (C:\Users\btirt\Desktop\Projects\helpdesk\server\dist\passport\twitterStrategy.js:27:1)
    at Module._compile (internal/modules/cjs/loader.js:959:30)
    at Object.Module._extensions..js (internal/modules/cjs/loader.js:995:10)
    at Module.load (internal/modules/cjs/loader.js:815:32)
    at Function.Module._load (internal/modules/cjs/loader.js:727:14)
    at Module.require (internal/modules/cjs/loader.js:852:19)
    at require (internal/modules/cjs/helpers.js:74:18)
    at Object.<anonymous> (C:\Users\btirt\Desktop\Projects\helpdesk\server\dist\passport\index.js:3:1)
    at Module._compile (internal/modules/cjs/loader.js:959:30)
    at Object.Module._extensions..js (internal/modules/cjs/loader.js:995:10)
    at Module.load (internal/modules/cjs/loader.js:815:32)
    at Function.Module._load (internal/modules/cjs/loader.js:727:14)
    at Module.require (internal/modules/cjs/loader.js:852:19)
    at require (internal/modules/cjs/helpers.js:74:18)
    at Object.<anonymous> (C:\Users\btirt\Desktop\Projects\helpdesk\server\dist\index.js:7:33)
    at Module._compile (internal/modules/cjs/loader.js:959:30)
2020-06-25 23:34:01 error: uncaughtException: app is not defined
ReferenceError: app is not defined
    at Object.<anonymous> (C:\Users\btirt\Desktop\Projects\helpdesk\server\dist\passport\twitterStrategy.js:28:1)
    at Module._compile (internal/modules/cjs/loader.js:959:30)
    at Object.Module._extensions..js (internal/modules/cjs/loader.js:995:10)
    at Module.load (internal/modules/cjs/loader.js:815:32)
    at Function.Module._load (internal/modules/cjs/loader.js:727:14)
    at Module.require (internal/modules/cjs/loader.js:852:19)
    at require (internal/modules/cjs/helpers.js:74:18)
    at Object.<anonymous> (C:\Users\btirt\Desktop\Projects\helpdesk\server\dist\passport\index.js:3:1)
    at Module._compile (internal/modules/cjs/loader.js:959:30)
    at Object.Module._extensions..js (internal/modules/cjs/loader.js:995:10)
    at Module.load (internal/modules/cjs/loader.js:815:32)
    at Function.Module._load (internal/modules/cjs/loader.js:727:14)
    at Module.require (internal/modules/cjs/loader.js:852:19)
    at require (internal/modules/cjs/helpers.js:74:18)
    at Object.<anonymous> (C:\Users\btirt\Desktop\Projects\helpdesk\server\dist\index.js:7:33)
    at Module._compile (internal/modules/cjs/loader.js:959:30)
2020-06-25 23:34:57 error: uncaughtException: createMongoStore is not defined
ReferenceError: createMongoStore is not defined
    at Object.exports.default (C:\Users\btirt\Desktop\Projects\helpdesk\server\dist\passport\index.js:9:26)
    at Object.<anonymous> (C:\Users\btirt\Desktop\Projects\helpdesk\server\dist\index.js:14:16)
    at Module._compile (internal/modules/cjs/loader.js:959:30)
    at Object.Module._extensions..js (internal/modules/cjs/loader.js:995:10)
    at Module.load (internal/modules/cjs/loader.js:815:32)
    at Function.Module._load (internal/modules/cjs/loader.js:727:14)
    at Function.Module.runMain (internal/modules/cjs/loader.js:1047:10)
    at internal/main/run_main_module.js:17:11
2020-06-25 23:34:59 error: uncaughtException: createMongoStore is not defined
ReferenceError: createMongoStore is not defined
    at Object.exports.default (C:\Users\btirt\Desktop\Projects\helpdesk\server\dist\passport\index.js:9:26)
    at Object.<anonymous> (C:\Users\btirt\Desktop\Projects\helpdesk\server\dist\index.js:14:16)
    at Module._compile (internal/modules/cjs/loader.js:959:30)
    at Object.Module._extensions..js (internal/modules/cjs/loader.js:995:10)
    at Module.load (internal/modules/cjs/loader.js:815:32)
    at Function.Module._load (internal/modules/cjs/loader.js:727:14)
    at Function.Module.runMain (internal/modules/cjs/loader.js:1047:10)
    at internal/main/run_main_module.js:17:11
2020-06-25 23:35:24 error: uncaughtException: app is not defined
ReferenceError: app is not defined
    at Object.<anonymous> (C:\Users\btirt\Desktop\Projects\helpdesk\server\dist\routes\twitterRoutes.js:17:1)
    at Module._compile (internal/modules/cjs/loader.js:959:30)
    at Object.Module._extensions..js (internal/modules/cjs/loader.js:995:10)
    at Module.load (internal/modules/cjs/loader.js:815:32)
    at Function.Module._load (internal/modules/cjs/loader.js:727:14)
    at Module.require (internal/modules/cjs/loader.js:852:19)
    at require (internal/modules/cjs/helpers.js:74:18)
    at Object.<anonymous> (C:\Users\btirt\Desktop\Projects\helpdesk\server\dist\routes\index.js:7:41)
    at Module._compile (internal/modules/cjs/loader.js:959:30)
    at Object.Module._extensions..js (internal/modules/cjs/loader.js:995:10)
    at Module.load (internal/modules/cjs/loader.js:815:32)
    at Function.Module._load (internal/modules/cjs/loader.js:727:14)
    at Module.require (internal/modules/cjs/loader.js:852:19)
    at require (internal/modules/cjs/helpers.js:74:18)
    at Object.<anonymous> (C:\Users\btirt\Desktop\Projects\helpdesk\server\dist\index.js:8:33)
    at Module._compile (internal/modules/cjs/loader.js:959:30)
2020-06-25 23:35:33 error: uncaughtException: app is not defined
ReferenceError: app is not defined
    at Object.<anonymous> (C:\Users\btirt\Desktop\Projects\helpdesk\server\dist\routes\twitterRoutes.js:26:1)
    at Module._compile (internal/modules/cjs/loader.js:959:30)
    at Object.Module._extensions..js (internal/modules/cjs/loader.js:995:10)
    at Module.load (internal/modules/cjs/loader.js:815:32)
    at Function.Module._load (internal/modules/cjs/loader.js:727:14)
    at Module.require (internal/modules/cjs/loader.js:852:19)
    at require (internal/modules/cjs/helpers.js:74:18)
    at Object.<anonymous> (C:\Users\btirt\Desktop\Projects\helpdesk\server\dist\routes\index.js:7:41)
    at Module._compile (internal/modules/cjs/loader.js:959:30)
    at Object.Module._extensions..js (internal/modules/cjs/loader.js:995:10)
    at Module.load (internal/modules/cjs/loader.js:815:32)
    at Function.Module._load (internal/modules/cjs/loader.js:727:14)
    at Module.require (internal/modules/cjs/loader.js:852:19)
    at require (internal/modules/cjs/helpers.js:74:18)
    at Object.<anonymous> (C:\Users\btirt\Desktop\Projects\helpdesk\server\dist\index.js:8:33)
    at Module._compile (internal/modules/cjs/loader.js:959:30)
2020-06-25 23:35:35 error: uncaughtException: app is not defined
ReferenceError: app is not defined
    at Object.<anonymous> (C:\Users\btirt\Desktop\Projects\helpdesk\server\dist\routes\twitterRoutes.js:26:1)
    at Module._compile (internal/modules/cjs/loader.js:959:30)
    at Object.Module._extensions..js (internal/modules/cjs/loader.js:995:10)
    at Module.load (internal/modules/cjs/loader.js:815:32)
    at Function.Module._load (internal/modules/cjs/loader.js:727:14)
    at Module.require (internal/modules/cjs/loader.js:852:19)
    at require (internal/modules/cjs/helpers.js:74:18)
    at Object.<anonymous> (C:\Users\btirt\Desktop\Projects\helpdesk\server\dist\routes\index.js:7:41)
    at Module._compile (internal/modules/cjs/loader.js:959:30)
    at Object.Module._extensions..js (internal/modules/cjs/loader.js:995:10)
    at Module.load (internal/modules/cjs/loader.js:815:32)
    at Function.Module._load (internal/modules/cjs/loader.js:727:14)
    at Module.require (internal/modules/cjs/loader.js:852:19)
    at require (internal/modules/cjs/helpers.js:74:18)
    at Object.<anonymous> (C:\Users\btirt\Desktop\Projects\helpdesk\server\dist\index.js:8:33)
    at Module._compile (internal/modules/cjs/loader.js:959:30)
2020-06-25 23:35:37 error: uncaughtException: app is not defined
ReferenceError: app is not defined
    at Object.<anonymous> (C:\Users\btirt\Desktop\Projects\helpdesk\server\dist\routes\twitterRoutes.js:27:1)
    at Module._compile (internal/modules/cjs/loader.js:959:30)
    at Object.Module._extensions..js (internal/modules/cjs/loader.js:995:10)
    at Module.load (internal/modules/cjs/loader.js:815:32)
    at Function.Module._load (internal/modules/cjs/loader.js:727:14)
    at Module.require (internal/modules/cjs/loader.js:852:19)
    at require (internal/modules/cjs/helpers.js:74:18)
    at Object.<anonymous> (C:\Users\btirt\Desktop\Projects\helpdesk\server\dist\routes\index.js:7:41)
    at Module._compile (internal/modules/cjs/loader.js:959:30)
    at Object.Module._extensions..js (internal/modules/cjs/loader.js:995:10)
    at Module.load (internal/modules/cjs/loader.js:815:32)
    at Function.Module._load (internal/modules/cjs/loader.js:727:14)
    at Module.require (internal/modules/cjs/loader.js:852:19)
    at require (internal/modules/cjs/helpers.js:74:18)
    at Object.<anonymous> (C:\Users\btirt\Desktop\Projects\helpdesk\server\dist\index.js:8:33)
    at Module._compile (internal/modules/cjs/loader.js:959:30)
2020-06-25 23:36:51 error: uncaughtException: initPassport is not defined
ReferenceError: initPassport is not defined
    at Object.<anonymous> (C:\Users\btirt\Desktop\Projects\helpdesk\server\dist\index.js:13:1)
    at Module._compile (internal/modules/cjs/loader.js:959:30)
    at Object.Module._extensions..js (internal/modules/cjs/loader.js:995:10)
    at Module.load (internal/modules/cjs/loader.js:815:32)
    at Function.Module._load (internal/modules/cjs/loader.js:727:14)
    at Function.Module.runMain (internal/modules/cjs/loader.js:1047:10)
    at internal/main/run_main_module.js:17:11
2020-06-25 23:37:26 error: uncaughtException: listen EACCES: permission denied /hello
Error: listen EACCES: permission denied /hello
    at Server.setupListenHandle [as _listen2] (net.js:1284:19)
    at listenInCluster (net.js:1349:12)
    at Server.listen (net.js:1448:5)
    at Function.listen (C:\Users\btirt\Desktop\Projects\helpdesk\server\node_modules\express\lib\application.js:618:24)
    at Object.<anonymous> (C:\Users\btirt\Desktop\Projects\helpdesk\server\dist\index.js:17:5)
    at Module._compile (internal/modules/cjs/loader.js:959:30)
    at Object.Module._extensions..js (internal/modules/cjs/loader.js:995:10)
    at Module.load (internal/modules/cjs/loader.js:815:32)
    at Function.Module._load (internal/modules/cjs/loader.js:727:14)
    at Function.Module.runMain (internal/modules/cjs/loader.js:1047:10)
    at internal/main/run_main_module.js:17:11
2020-06-25 23:37:34 error: uncaughtException: listen EACCES: permission denied /hello
Error: listen EACCES: permission denied /hello
    at Server.setupListenHandle [as _listen2] (net.js:1284:19)
    at listenInCluster (net.js:1349:12)
    at Server.listen (net.js:1448:5)
    at Function.listen (C:\Users\btirt\Desktop\Projects\helpdesk\server\node_modules\express\lib\application.js:618:24)
    at Object.<anonymous> (C:\Users\btirt\Desktop\Projects\helpdesk\server\dist\index.js:17:5)
    at Module._compile (internal/modules/cjs/loader.js:959:30)
    at Object.Module._extensions..js (internal/modules/cjs/loader.js:995:10)
    at Module.load (internal/modules/cjs/loader.js:815:32)
    at Function.Module._load (internal/modules/cjs/loader.js:727:14)
    at Function.Module.runMain (internal/modules/cjs/loader.js:1047:10)
    at internal/main/run_main_module.js:17:11
2020-06-25 23:42:21 error: uncaughtException: listen EACCES: permission denied /hello
Error: listen EACCES: permission denied /hello
    at Server.setupListenHandle [as _listen2] (net.js:1284:19)
    at listenInCluster (net.js:1349:12)
    at Server.listen (net.js:1448:5)
    at Function.listen (C:\Users\btirt\Desktop\Projects\helpdesk\server\node_modules\express\lib\application.js:618:24)
    at Object.<anonymous> (C:\Users\btirt\Desktop\Projects\helpdesk\server\dist\index.js:17:5)
    at Module._compile (internal/modules/cjs/loader.js:959:30)
    at Object.Module._extensions..js (internal/modules/cjs/loader.js:995:10)
    at Module.load (internal/modules/cjs/loader.js:815:32)
    at Function.Module._load (internal/modules/cjs/loader.js:727:14)
    at Function.Module.runMain (internal/modules/cjs/loader.js:1047:10)
    at internal/main/run_main_module.js:17:11
