2020-06-26 17:13:48 error: uncaughtException: tweetService_1.default is not a constructor
TypeError: tweetService_1.default is not a constructor
    at Object.<anonymous> (C:\Users\btirt\Desktop\Projects\helpdesk\server\dist\factory\serviceFactory.js:14:27)
    at Module._compile (internal/modules/cjs/loader.js:959:30)
    at Object.Module._extensions..js (internal/modules/cjs/loader.js:995:10)
    at Module.load (internal/modules/cjs/loader.js:815:32)
    at Function.Module._load (internal/modules/cjs/loader.js:727:14)
    at Module.require (internal/modules/cjs/loader.js:852:19)
    at require (internal/modules/cjs/helpers.js:74:18)
    at Object.<anonymous> (C:\Users\btirt\Desktop\Projects\helpdesk\server\dist\factory\controllerFactory.js:8:26)
    at Module._compile (internal/modules/cjs/loader.js:959:30)
    at Object.Module._extensions..js (internal/modules/cjs/loader.js:995:10)
    at Module.load (internal/modules/cjs/loader.js:815:32)
    at Function.Module._load (internal/modules/cjs/loader.js:727:14)
    at Module.require (internal/modules/cjs/loader.js:852:19)
    at require (internal/modules/cjs/helpers.js:74:18)
    at Object.<anonymous> (C:\Users\btirt\Desktop\Projects\helpdesk\server\dist\routes\authRoutes.js:8:29)
    at Module._compile (internal/modules/cjs/loader.js:959:30)
    at Object.Module._extensions..js (internal/modules/cjs/loader.js:995:10)
    at Module.load (internal/modules/cjs/loader.js:815:32)
    at Function.Module._load (internal/modules/cjs/loader.js:727:14)
    at Module.require (internal/modules/cjs/loader.js:852:19)
    at require (internal/modules/cjs/helpers.js:74:18)
    at Object.<anonymous> (C:\Users\btirt\Desktop\Projects\helpdesk\server\dist\routes\index.js:6:38)
